<?xml version="1.0" encoding="UTF-8"?>
<testng-results ignored="0" total="1" passed="1" failed="0" skipped="0">
  <reporter-output>
  </reporter-output>
  <suite started-at="2022-02-16T12:20:42 IST" name="Default suite" finished-at="2022-02-16T12:20:46 IST" duration-ms="4208">
    <groups>
    </groups>
    <test started-at="2022-02-16T12:20:42 IST" name="Default test" finished-at="2022-02-16T12:20:46 IST" duration-ms="4208">
      <class name="com.RMGYantra.Authentication.DigestiveAuthTest">
        <test-method signature="DigestiveAuth()[pri:0, instance:com.RMGYantra.Authentication.DigestiveAuthTest@4d5b6aac]" started-at="2022-02-16T12:20:42 IST" name="DigestiveAuth" finished-at="2022-02-16T12:20:46 IST" duration-ms="4162" status="PASS">
          <reporter-output>
          </reporter-output>
        </test-method> <!-- DigestiveAuth -->
      </class> <!-- com.RMGYantra.Authentication.DigestiveAuthTest -->
    </test> <!-- Default test -->
  </suite> <!-- Default suite -->
</testng-results>
