<?xml version="1.0" encoding="UTF-8"?>
<testng-results ignored="0" total="1" passed="1" failed="0" skipped="0">
  <reporter-output>
  </reporter-output>
  <suite started-at="2022-03-06T11:51:33 IST" name="Default suite" finished-at="2022-03-06T11:51:41 IST" duration-ms="8263">
    <groups>
    </groups>
    <test started-at="2022-03-06T11:51:33 IST" name="Default test" finished-at="2022-03-06T11:51:41 IST" duration-ms="8263">
      <class name="requestChaining.PostandDeleteProjectTest">
        <test-method signature="PostandDelete()[pri:0, instance:requestChaining.PostandDeleteProjectTest@10d307f1]" started-at="2022-03-06T11:51:33 IST" name="PostandDelete" finished-at="2022-03-06T11:51:41 IST" duration-ms="8196" status="PASS">
          <reporter-output>
          </reporter-output>
        </test-method> <!-- PostandDelete -->
      </class> <!-- requestChaining.PostandDeleteProjectTest -->
    </test> <!-- Default test -->
  </suite> <!-- Default suite -->
</testng-results>
